AfyaPepeFixed/app/build/outputs/logs/manifest-merger-debug-report.txt
-- Merging decision tree log ---
manifest
ADDED from src\main\AndroidManifest.xml:2:1-34:12
	package
		ADDED from src\main\AndroidManifest.xml:2:120-145
		INJECTED from src\main\AndroidManifest.xml
		INJECTED from src\main\AndroidManifest.xml
	android:versionName
		ADDED from src\main\AndroidManifest.xml:2:94-119
		INJECTED from src\main\AndroidManifest.xml
		INJECTED from src\main\AndroidManifest.xml
	android:versionCode
		ADDED from src\main\AndroidManifest.xml:2:70-93
		INJECTED from src\main\AndroidManifest.xml
		INJECTED from src\main\AndroidManifest.xml
	xmlns:android
		ADDED from src\main\AndroidManifest.xml:2:11-69
	platformBuildVersionName
		ADDED from src\main\AndroidManifest.xml:2:176-214
	platformBuildVersionCode
		ADDED from src\main\AndroidManifest.xml:2:146-175
uses-sdk
ADDED from src\main\AndroidManifest.xml:3:5-74
MERGED from [com.android.support:design:23.1.1] AndroidManifest.xml:20:5-43
MERGED from [com.android.support:appcompat-v7:23.4.0] AndroidManifest.xml:21:5-23:78
MERGED from [com.android.support:animated-vector-drawable:23.4.0] AndroidManifest.xml:5:5-44
MERGED from [com.android.support:support-vector-drawable:23.4.0] AndroidManifest.xml:5:5-43
MERGED from [com.android.support:recyclerview-v7:23.1.1] AndroidManifest.xml:20:5-43
MERGED from [com.mcxiaoke.volley:library-aar:1.0.0] AndroidManifest.xml:3:5-72
MERGED from [com.android.support.constraint:constraint-layout:1.0.0-alpha7] AndroidManifest.xml:5:5-7:41
MERGED from [com.android.support:support-v4:23.4.0] AndroidManifest.xml:20:5-43
	tools:overrideLibrary
		ADDED from [com.android.support:appcompat-v7:23.4.0] AndroidManifest.xml:23:9-75
	android:targetSdkVersion
		ADDED from src\main\AndroidManifest.xml:3:42-71
		INJECTED from src\main\AndroidManifest.xml
		INJECTED from src\main\AndroidManifest.xml
	android:minSdkVersion
		ADDED from src\main\AndroidManifest.xml:3:15-41
		INJECTED from src\main\AndroidManifest.xml
		INJECTED from src\main\AndroidManifest.xml
uses-permission#android.permission.INTERNET
ADDED from src\main\AndroidManifest.xml:4:5-67
	android:name
		ADDED from src\main\AndroidManifest.xml:4:22-64
uses-permission#android.permission.WRITE_EXTERNAL_STORAGE
ADDED from src\main\AndroidManifest.xml:5:5-81
	android:name
		ADDED from src\main\AndroidManifest.xml:5:22-78
uses-permission#android.permission.READ_PHONE_STATE
ADDED from src\main\AndroidManifest.xml:6:5-75
	android:name
		ADDED from src\main\AndroidManifest.xml:6:22-72
uses-permission#android.permission.READ_EXTERNAL_STORAGE
ADDED from src\main\AndroidManifest.xml:7:5-80
	android:name
		ADDED from src\main\AndroidManifest.xml:7:22-77
application
ADDED from src\main\AndroidManifest.xml:8:5-33:19
MERGED from [com.android.support:design:23.1.1] AndroidManifest.xml:22:5-20
MERGED from [com.android.support:appcompat-v7:23.4.0] AndroidManifest.xml:25:5-20
MERGED from [com.android.support:animated-vector-drawable:23.4.0] AndroidManifest.xml:7:5-20
MERGED from [com.android.support:support-vector-drawable:23.4.0] AndroidManifest.xml:7:5-20
MERGED from [com.mcxiaoke.volley:library-aar:1.0.0] AndroidManifest.xml:5:5-19
MERGED from [com.android.support.constraint:constraint-layout:1.0.0-alpha7] AndroidManifest.xml:9:5-20
MERGED from [com.android.support:support-v4:23.4.0] AndroidManifest.xml:22:5-20
	android:label
		ADDED from src\main\AndroidManifest.xml:8:50-82
	android:debuggable
		ADDED from src\main\AndroidManifest.xml:8:166-191
	android:allowBackup
		ADDED from src\main\AndroidManifest.xml:8:192-218
	android:icon
		ADDED from src\main\AndroidManifest.xml:8:83-116
	android:theme
		ADDED from src\main\AndroidManifest.xml:8:18-49
	android:name
		ADDED from src\main\AndroidManifest.xml:8:117-165
activity#afyapepe.mobile.activity.LoginActivity
ADDED from src\main\AndroidManifest.xml:9:9-14:20
	android:screenOrientation
		ADDED from src\main\AndroidManifest.xml:9:137-173
	android:label
		ADDED from src\main\AndroidManifest.xml:9:19-51
	android:launchMode
		ADDED from src\main\AndroidManifest.xml:9:106-136
	android:windowSoftInputMode
		ADDED from src\main\AndroidManifest.xml:9:174-227
	android:name
		ADDED from src\main\AndroidManifest.xml:9:52-105
intent-filter#android.intent.action.MAIN+android.intent.category.LAUNCHER
ADDED from src\main\AndroidManifest.xml:10:13-13:29
action#android.intent.action.MAIN
ADDED from src\main\AndroidManifest.xml:11:17-69
	android:name
		ADDED from src\main\AndroidManifest.xml:11:25-66
category#android.intent.category.LAUNCHER
ADDED from src\main\AndroidManifest.xml:12:17-77
	android:name
		ADDED from src\main\AndroidManifest.xml:12:27-74
activity#afyapepe.mobile.activity.RegisterActivity
ADDED from src\main\AndroidManifest.xml:15:9-233
	android:screenOrientation
		ADDED from src\main\AndroidManifest.xml:15:140-176
	android:label
		ADDED from src\main\AndroidManifest.xml:15:19-51
	android:launchMode
		ADDED from src\main\AndroidManifest.xml:15:109-139
	android:windowSoftInputMode
		ADDED from src\main\AndroidManifest.xml:15:177-230
	android:name
		ADDED from src\main\AndroidManifest.xml:15:52-108
activity#afyapepe.mobile.activity.MainActivity
ADDED from src\main\AndroidManifest.xml:16:9-138
	android:label
		ADDED from src\main\AndroidManifest.xml:16:19-51
	android:launchMode
		ADDED from src\main\AndroidManifest.xml:16:105-135
	android:name
		ADDED from src\main\AndroidManifest.xml:16:52-104
activity#afyapepe.mobile.activity.Registrar
ADDED from src\main\AndroidManifest.xml:17:9-109
	android:screenOrientation
		ADDED from src\main\AndroidManifest.xml:17:69-106
	android:name
		ADDED from src\main\AndroidManifest.xml:17:19-68
activity#afyapepe.mobile.activity.Admin
ADDED from src\main\AndroidManifest.xml:18:9-105
	android:screenOrientation
		ADDED from src\main\AndroidManifest.xml:18:65-102
	android:name
		ADDED from src\main\AndroidManifest.xml:18:19-64
activity#afyapepe.mobile.activity.PharmMan
ADDED from src\main\AndroidManifest.xml:19:9-108
	android:screenOrientation
		ADDED from src\main\AndroidManifest.xml:19:68-105
	android:name
		ADDED from src\main\AndroidManifest.xml:19:19-67
activity#afyapepe.mobile.activity.PharmSto
ADDED from src\main\AndroidManifest.xml:20:9-107
	android:screenOrientation
		ADDED from src\main\AndroidManifest.xml:20:68-104
	android:name
		ADDED from src\main\AndroidManifest.xml:20:19-67
activity#afyapepe.mobile.activity.FacilityAdm
ADDED from src\main\AndroidManifest.xml:21:9-110
	android:screenOrientation
		ADDED from src\main\AndroidManifest.xml:21:71-107
	android:name
		ADDED from src\main\AndroidManifest.xml:21:19-70
activity#afyapepe.mobile.activity.registrarpage
ADDED from src\main\AndroidManifest.xml:22:9-112
	android:screenOrientation
		ADDED from src\main\AndroidManifest.xml:22:73-109
	android:name
		ADDED from src\main\AndroidManifest.xml:22:19-72
activity#afyapepe.mobile.activity.Registafya
ADDED from src\main\AndroidManifest.xml:23:9-260
	android:screenOrientation
		ADDED from src\main\AndroidManifest.xml:23:159-195
	android:label
		ADDED from src\main\AndroidManifest.xml:23:58-107
	android:configChanges
		ADDED from src\main\AndroidManifest.xml:23:196-257
	android:theme
		ADDED from src\main\AndroidManifest.xml:23:19-57
	android:name
		ADDED from src\main\AndroidManifest.xml:23:108-158
activity#afyapepe.mobile.activity.Registactiv
ADDED from src\main\AndroidManifest.xml:24:9-110
	android:screenOrientation
		ADDED from src\main\AndroidManifest.xml:24:71-107
	android:name
		ADDED from src\main\AndroidManifest.xml:24:19-70
activity#afyapepe.mobile.activity.Doctorn
ADDED from src\main\AndroidManifest.xml:25:9-106
	android:screenOrientation
		ADDED from src\main\AndroidManifest.xml:25:67-103
	android:name
		ADDED from src\main\AndroidManifest.xml:25:19-66
activity#afyapepe.mobile.activity.Nurse
ADDED from src\main\AndroidManifest.xml:26:9-104
	android:screenOrientation
		ADDED from src\main\AndroidManifest.xml:26:65-101
	android:name
		ADDED from src\main\AndroidManifest.xml:26:19-64
activity#afyapepe.mobile.activity.Manufacturer
ADDED from src\main\AndroidManifest.xml:27:9-111
	android:screenOrientation
		ADDED from src\main\AndroidManifest.xml:27:72-108
	android:name
		ADDED from src\main\AndroidManifest.xml:27:19-71
activity#afyapepe.mobile.activity.Patient
ADDED from src\main\AndroidManifest.xml:28:9-106
	android:screenOrientation
		ADDED from src\main\AndroidManifest.xml:28:67-103
	android:name
		ADDED from src\main\AndroidManifest.xml:28:19-66
activity#afyapepe.mobile.activity.Private
ADDED from src\main\AndroidManifest.xml:29:9-106
	android:screenOrientation
		ADDED from src\main\AndroidManifest.xml:29:67-103
	android:name
		ADDED from src\main\AndroidManifest.xml:29:19-66
activity#afyapepe.mobile.activity.PharmacyStoKep
ADDED from src\main\AndroidManifest.xml:30:9-113
	android:screenOrientation
		ADDED from src\main\AndroidManifest.xml:30:74-110
	android:name
		ADDED from src\main\AndroidManifest.xml:30:19-73
activity#afyapepe.mobile.activity.PharmacyMan
ADDED from src\main\AndroidManifest.xml:31:9-110
	android:screenOrientation
		ADDED from src\main\AndroidManifest.xml:31:71-107
	android:name
		ADDED from src\main\AndroidManifest.xml:31:19-70
activity#afyapepe.mobile.activity.RegistScreen
ADDED from src\main\AndroidManifest.xml:32:9-111
	android:screenOrientation
		ADDED from src\main\AndroidManifest.xml:32:72-108
	android:name
		ADDED from src\main\AndroidManifest.xml:32:19-71